# JRE version: OpenJDK Runtime Environment (8.0_181-b13) (build 1.8.0_181-8u181-b13-1~deb9u1-b13)
# Java VM: OpenJDK 64-Bit Server VM (25.181-b13 mixed mode linux-amd64 compressed oops)
Heap:
 PSYoungGen      total 29184K, used 4262K [0x00000000d6e00000, 0x00000000d8f00000, 0x0000000100000000)
  eden space 25600K, 16% used [0x00000000d6e00000,0x00000000d72119d8,0x00000000d8700000)
  from space 3584K, 2% used [0x00000000d8b80000,0x00000000d8b98000,0x00000000d8f00000)
  to   space 4096K, 0% used [0x00000000d8700000,0x00000000d8700000,0x00000000d8b00000)
 ParOldGen       total 84992K, used 3066K [0x0000000084a00000, 0x0000000089d00000, 0x00000000d6e00000)
  object space 84992K, 3% used [0x0000000084a00000,0x0000000084cfea70,0x0000000089d00000)
 Metaspace       used 18519K, capacity 18862K, committed 18944K, reserved 1067008K
  class space    used 2153K, capacity 2290K, committed 2304K, reserved 1048576K
GC Heap History (10 events):
Event: 32,002 GC heap before
{Heap before GC invocations=12 (full 0):
 PSYoungGen      total 28672K, used 28288K [0x00000000d6e00000, 0x00000000d9280000, 0x0000000100000000)
  eden space 28160K, 100% used [0x00000000d6e00000,0x00000000d8980000,0x00000000d8980000)
  from space 512K, 25% used [0x00000000d8a00000,0x00000000d8a20000,0x00000000d8a80000)
  to   space 4608K, 0% used [0x00000000d8e00000,0x00000000d8e00000,0x00000000d9280000)
 ParOldGen       total 84992K, used 2970K [0x0000000084a00000, 0x0000000089d00000, 0x00000000d6e00000)
  object space 84992K, 3% used [0x0000000084a00000,0x0000000084ce6a70,0x0000000089d00000)
 Metaspace       used 18262K, capacity 18632K, committed 18944K, reserved 1067008K
  class space    used 2127K, capacity 2257K, committed 2304K, reserved 1048576K
Event: 32,003 GC heap after
Heap after GC invocations=12 (full 0):
 PSYoungGen      total 31744K, used 128K [0x00000000d6e00000, 0x00000000d9200000, 0x0000000100000000)
  eden space 27648K, 0% used [0x00000000d6e00000,0x00000000d6e00000,0x00000000d8900000)
  from space 4096K, 3% used [0x00000000d8e00000,0x00000000d8e20000,0x00000000d9200000)
  to   space 4608K, 0% used [0x00000000d8900000,0x00000000d8900000,0x00000000d8d80000)
 ParOldGen       total 84992K, used 2986K [0x0000000084a00000, 0x0000000089d00000, 0x00000000d6e00000)
  object space 84992K, 3% used [0x0000000084a00000,0x0000000084ceaa70,0x0000000089d00000)
 Metaspace       used 18262K, capacity 18632K, committed 18944K, reserved 1067008K
  class space    used 2127K, capacity 2257K, committed 2304K, reserved 1048576K
}
Event: 63,535 GC heap before
{Heap before GC invocations=13 (full 0):
 PSYoungGen      total 31744K, used 27776K [0x00000000d6e00000, 0x00000000d9200000, 0x0000000100000000)
  eden space 27648K, 100% used [0x00000000d6e00000,0x00000000d8900000,0x00000000d8900000)
  from space 4096K, 3% used [0x00000000d8e00000,0x00000000d8e20000,0x00000000d9200000)
  to   space 4608K, 0% used [0x00000000d8900000,0x00000000d8900000,0x00000000d8d80000)
 ParOldGen       total 84992K, used 2986K [0x0000000084a00000, 0x0000000089d00000, 0x00000000d6e00000)
  object space 84992K, 3% used [0x0000000084a00000,0x0000000084ceaa70,0x0000000089d00000)
 Metaspace       used 18291K, capacity 18632K, committed 18944K, reserved 1067008K
  class space    used 2128K, capacity 2257K, committed 2304K, reserved 1048576K
Event: 63,536 GC heap after
Heap after GC invocations=13 (full 0):
 PSYoungGen      total 27648K, used 160K [0x00000000d6e00000, 0x00000000d9180000, 0x0000000100000000)
  eden space 27136K, 0% used [0x00000000d6e00000,0x00000000d6e00000,0x00000000d8880000)
  from space 512K, 31% used [0x00000000d8900000,0x00000000d8928000,0x00000000d8980000)
  to   space 4608K, 0% used [0x00000000d8d00000,0x00000000d8d00000,0x00000000d9180000)
 ParOldGen       total 84992K, used 3002K [0x0000000084a00000, 0x0000000089d00000, 0x00000000d6e00000)
  object space 84992K, 3% used [0x0000000084a00000,0x0000000084ceea70,0x0000000089d00000)
 Metaspace       used 18291K, capacity 18632K, committed 18944K, reserved 1067008K
  class space    used 2128K, capacity 2257K, committed 2304K, reserved 1048576K
}
Event: 65,190 GC heap before
{Heap before GC invocations=14 (full 0):
 PSYoungGen      total 27648K, used 27296K [0x00000000d6e00000, 0x00000000d9180000, 0x0000000100000000)
  eden space 27136K, 100% used [0x00000000d6e00000,0x00000000d8880000,0x00000000d8880000)
  from space 512K, 31% used [0x00000000d8900000,0x00000000d8928000,0x00000000d8980000)
  to   space 4608K, 0% used [0x00000000d8d00000,0x00000000d8d00000,0x00000000d9180000)
 ParOldGen       total 84992K, used 3002K [0x0000000084a00000, 0x0000000089d00000, 0x00000000d6e00000)
  object space 84992K, 3% used [0x0000000084a00000,0x0000000084ceea70,0x0000000089d00000)
 Metaspace       used 18371K, capacity 18696K, committed 18944K, reserved 1067008K
  class space    used 2142K, capacity 2257K, committed 2304K, reserved 1048576K
Event: 65,192 GC heap after
Heap after GC invocations=14 (full 0):
 PSYoungGen      total 30720K, used 96K [0x00000000d6e00000, 0x00000000d9100000, 0x0000000100000000)
  eden space 26624K, 0% used [0x00000000d6e00000,0x00000000d6e00000,0x00000000d8800000)
  from space 4096K, 2% used [0x00000000d8d00000,0x00000000d8d18000,0x00000000d9100000)
  to   space 4608K, 0% used [0x00000000d8800000,0x00000000d8800000,0x00000000d8c80000)
 ParOldGen       total 84992K, used 3026K [0x0000000084a00000, 0x0000000089d00000, 0x00000000d6e00000)
  object space 84992K, 3% used [0x0000000084a00000,0x0000000084cf4a70,0x0000000089d00000)
 Metaspace       used 18371K, capacity 18696K, committed 18944K, reserved 1067008K
  class space    used 2142K, capacity 2257K, committed 2304K, reserved 1048576K
}
Event: 66,633 GC heap before
{Heap before GC invocations=15 (full 0):
 PSYoungGen      total 30720K, used 26720K [0x00000000d6e00000, 0x00000000d9100000, 0x0000000100000000)
  eden space 26624K, 100% used [0x00000000d6e00000,0x00000000d8800000,0x00000000d8800000)
  from space 4096K, 2% used [0x00000000d8d00000,0x00000000d8d18000,0x00000000d9100000)
  to   space 4608K, 0% used [0x00000000d8800000,0x00000000d8800000,0x00000000d8c80000)
 ParOldGen       total 84992K, used 3026K [0x0000000084a00000, 0x0000000089d00000, 0x00000000d6e00000)
  object space 84992K, 3% used [0x0000000084a00000,0x0000000084cf4a70,0x0000000089d00000)
 Metaspace       used 18455K, capacity 18792K, committed 18944K, reserved 1067008K
  class space    used 2151K, capacity 2289K, committed 2304K, reserved 1048576K
Event: 66,634 GC heap after
Heap after GC invocations=15 (full 0):
 PSYoungGen      total 26624K, used 96K [0x00000000d6e00000, 0x00000000d8f80000, 0x0000000100000000)
  eden space 26112K, 0% used [0x00000000d6e00000,0x00000000d6e00000,0x00000000d8780000)
  from space 512K, 18% used [0x00000000d8800000,0x00000000d8818000,0x00000000d8880000)
  to   space 4096K, 0% used [0x00000000d8b80000,0x00000000d8b80000,0x00000000d8f80000)
 ParOldGen       total 84992K, used 3050K [0x0000000084a00000, 0x0000000089d00000, 0x00000000d6e00000)
  object space 84992K, 3% used [0x0000000084a00000,0x0000000084cfaa70,0x0000000089d00000)
 Metaspace       used 18455K, capacity 18792K, committed 18944K, reserved 1067008K
  class space    used 2151K, capacity 2289K, committed 2304K, reserved 1048576K
}
Event: 105,112 GC heap before
{Heap before GC invocations=16 (full 0):
 PSYoungGen      total 26624K, used 26208K [0x00000000d6e00000, 0x00000000d8f80000, 0x0000000100000000)
  eden space 26112K, 100% used [0x00000000d6e00000,0x00000000d8780000,0x00000000d8780000)
  from space 512K, 18% used [0x00000000d8800000,0x00000000d8818000,0x00000000d8880000)
  to   space 4096K, 0% used [0x00000000d8b80000,0x00000000d8b80000,0x00000000d8f80000)
 ParOldGen       total 84992K, used 3050K [0x0000000084a00000, 0x0000000089d00000, 0x00000000d6e00000)
  object space 84992K, 3% used [0x0000000084a00000,0x0000000084cfaa70,0x0000000089d00000)
 Metaspace       used 18486K, capacity 18856K, committed 18944K, reserved 1067008K
  class space    used 2151K, capacity 2289K, committed 2304K, reserved 1048576K
Event: 105,114 GC heap after
Heap after GC invocations=16 (full 0):
 PSYoungGen      total 29184K, used 96K [0x00000000d6e00000, 0x00000000d8f00000, 0x0000000100000000)
  eden space 25600K, 0% used [0x00000000d6e00000,0x00000000d6e00000,0x00000000d8700000)
  from space 3584K, 2% used [0x00000000d8b80000,0x00000000d8b98000,0x00000000d8f00000)
  to   space 4096K, 0% used [0x00000000d8700000,0x00000000d8700000,0x00000000d8b00000)
 ParOldGen       total 84992K, used 3066K [0x0000000084a00000, 0x0000000089d00000, 0x00000000d6e00000)
  object space 84992K, 3% used [0x0000000084a00000,0x0000000084cfea70,0x0000000089d00000)
 Metaspace       used 18486K, capacity 18856K, committed 18944K, reserved 1067008K
  class space    used 2151K, capacity 2289K, committed 2304K, reserved 1048576K
}

